<?xml version="1.0" encoding="UTF-8"?>
<!-- Generated by org.testng.reporters.JUnitXMLReporter -->
<testsuite ignored="1" hostname="prashilalva-HP-ProBook-440-G2" failures="10" tests="20" name="SearchTestChrome" time="1.234" errors="0" timestamp="17 Feb 2021 06:05:49 GMT">
  <testcase classname="com.realme.testing.firefox.RealmeSearchTest" name="performTest" time="0.012">
    <failure type="java.lang.NullPointerException">
      <![CDATA[java.lang.NullPointerException
at com.realme.testing.firefox.RealmeSearchTest.performTest(RealmeSearchTest.java:213)
at java.base/java.util.concurrent.FutureTask.run(FutureTask.java:264)
at java.base/java.util.concurrent.ThreadPoolExecutor.runWorker(ThreadPoolExecutor.java:1128)
at java.base/java.util.concurrent.ThreadPoolExecutor$Worker.run(ThreadPoolExecutor.java:628)
at java.base/java.lang.Thread.run(Thread.java:830)
... Removed 16 stack frames]]>
    </failure>
  </testcase> <!-- performTest -->
  <testcase classname="com.realme.testing.firefox.RealmeSearchTest" name="performTest" time="0.002">
    <failure type="java.lang.NullPointerException">
      <![CDATA[java.lang.NullPointerException
at com.realme.testing.firefox.RealmeSearchTest.performTest(RealmeSearchTest.java:213)
at java.base/java.util.concurrent.FutureTask.run(FutureTask.java:264)
at java.base/java.util.concurrent.ThreadPoolExecutor.runWorker(ThreadPoolExecutor.java:1128)
at java.base/java.util.concurrent.ThreadPoolExecutor$Worker.run(ThreadPoolExecutor.java:628)
at java.base/java.lang.Thread.run(Thread.java:830)
... Removed 16 stack frames]]>
    </failure>
  </testcase> <!-- performTest -->
  <testcase classname="com.realme.testing.firefox.RealmeSearchTest" name="performTest" time="0.002">
    <failure type="java.lang.NullPointerException">
      <![CDATA[java.lang.NullPointerException
at com.realme.testing.firefox.RealmeSearchTest.performTest(RealmeSearchTest.java:213)
at java.base/java.util.concurrent.FutureTask.run(FutureTask.java:264)
at java.base/java.util.concurrent.ThreadPoolExecutor.runWorker(ThreadPoolExecutor.java:1128)
at java.base/java.util.concurrent.ThreadPoolExecutor$Worker.run(ThreadPoolExecutor.java:628)
at java.base/java.lang.Thread.run(Thread.java:830)
... Removed 16 stack frames]]>
    </failure>
  </testcase> <!-- performTest -->
  <testcase classname="com.realme.testing.firefox.RealmeSearchTest" name="performTest" time="0.001">
    <failure type="java.lang.NullPointerException">
      <![CDATA[java.lang.NullPointerException
at com.realme.testing.firefox.RealmeSearchTest.performTest(RealmeSearchTest.java:210)
at java.base/java.util.concurrent.FutureTask.run(FutureTask.java:264)
at java.base/java.util.concurrent.ThreadPoolExecutor.runWorker(ThreadPoolExecutor.java:1128)
at java.base/java.util.concurrent.ThreadPoolExecutor$Worker.run(ThreadPoolExecutor.java:628)
at java.base/java.lang.Thread.run(Thread.java:830)
... Removed 16 stack frames]]>
    </failure>
  </testcase> <!-- performTest -->
  <testcase classname="com.realme.testing.firefox.RealmeSearchTest" name="performTest" time="0.005">
    <failure type="java.lang.NullPointerException">
      <![CDATA[java.lang.NullPointerException
at com.realme.testing.firefox.RealmeSearchTest.performTest(RealmeSearchTest.java:213)
at java.base/java.util.concurrent.FutureTask.run(FutureTask.java:264)
at java.base/java.util.concurrent.ThreadPoolExecutor.runWorker(ThreadPoolExecutor.java:1128)
at java.base/java.util.concurrent.ThreadPoolExecutor$Worker.run(ThreadPoolExecutor.java:628)
at java.base/java.lang.Thread.run(Thread.java:830)
... Removed 16 stack frames]]>
    </failure>
  </testcase> <!-- performTest -->
  <testcase classname="com.realme.testing.firefox.RealmeSearchTest" name="performTest" time="0.002">
    <failure type="java.lang.NullPointerException">
      <![CDATA[java.lang.NullPointerException
at com.realme.testing.firefox.RealmeSearchTest.performTest(RealmeSearchTest.java:213)
at java.base/java.util.concurrent.FutureTask.run(FutureTask.java:264)
at java.base/java.util.concurrent.ThreadPoolExecutor.runWorker(ThreadPoolExecutor.java:1128)
at java.base/java.util.concurrent.ThreadPoolExecutor$Worker.run(ThreadPoolExecutor.java:628)
at java.base/java.lang.Thread.run(Thread.java:830)
... Removed 16 stack frames]]>
    </failure>
  </testcase> <!-- performTest -->
  <testcase classname="com.realme.testing.firefox.RealmeSearchTest" name="performTest" time="0.01">
    <failure type="java.lang.NullPointerException">
      <![CDATA[java.lang.NullPointerException
at com.realme.testing.firefox.RealmeSearchTest.performTest(RealmeSearchTest.java:213)
at java.base/java.util.concurrent.FutureTask.run(FutureTask.java:264)
at java.base/java.util.concurrent.ThreadPoolExecutor.runWorker(ThreadPoolExecutor.java:1128)
at java.base/java.util.concurrent.ThreadPoolExecutor$Worker.run(ThreadPoolExecutor.java:628)
at java.base/java.lang.Thread.run(Thread.java:830)
... Removed 16 stack frames]]>
    </failure>
  </testcase> <!-- performTest -->
  <testcase classname="com.realme.testing.firefox.RealmeSearchTest" name="performTest" time="0.002">
    <failure type="java.lang.NullPointerException">
      <![CDATA[java.lang.NullPointerException
at com.realme.testing.firefox.RealmeSearchTest.performTest(RealmeSearchTest.java:210)
at java.base/java.util.concurrent.FutureTask.run(FutureTask.java:264)
at java.base/java.util.concurrent.ThreadPoolExecutor.runWorker(ThreadPoolExecutor.java:1128)
at java.base/java.util.concurrent.ThreadPoolExecutor$Worker.run(ThreadPoolExecutor.java:628)
at java.base/java.lang.Thread.run(Thread.java:830)
... Removed 16 stack frames]]>
    </failure>
  </testcase> <!-- performTest -->
  <testcase classname="com.realme.testing.firefox.RealmeSearchTest" name="performTest" time="0.001">
    <failure type="java.lang.NullPointerException">
      <![CDATA[java.lang.NullPointerException
at com.realme.testing.firefox.RealmeSearchTest.performTest(RealmeSearchTest.java:213)
at java.base/java.util.concurrent.FutureTask.run(FutureTask.java:264)
at java.base/java.util.concurrent.ThreadPoolExecutor.runWorker(ThreadPoolExecutor.java:1128)
at java.base/java.util.concurrent.ThreadPoolExecutor$Worker.run(ThreadPoolExecutor.java:628)
at java.base/java.lang.Thread.run(Thread.java:830)
... Removed 16 stack frames]]>
    </failure>
  </testcase> <!-- performTest -->
  <testcase classname="com.realme.testing.firefox.RealmeSearchTest" name="performTest" time="0.001">
    <failure type="java.lang.NullPointerException">
      <![CDATA[java.lang.NullPointerException
at com.realme.testing.firefox.RealmeSearchTest.performTest(RealmeSearchTest.java:210)
at java.base/java.util.concurrent.FutureTask.run(FutureTask.java:264)
at java.base/java.util.concurrent.ThreadPoolExecutor.runWorker(ThreadPoolExecutor.java:1128)
at java.base/java.util.concurrent.ThreadPoolExecutor$Worker.run(ThreadPoolExecutor.java:628)
at java.base/java.lang.Thread.run(Thread.java:830)
... Removed 16 stack frames]]>
    </failure>
  </testcase> <!-- performTest -->
  <testcase classname="com.realme.testing.firefox.RealmeSearchTest" name="dummyTest1" time="0.001"/>
  <testcase classname="com.realme.testing.firefox.RealmeSearchTest" name="dummyTest1" time="0.001"/>
  <testcase classname="com.realme.testing.firefox.RealmeSearchTest" name="dummyTest1" time="0.009"/>
  <testcase classname="com.realme.testing.firefox.RealmeSearchTest" name="dummyTest1" time="0.004"/>
  <testcase classname="com.realme.testing.firefox.RealmeSearchTest" name="dummyTest1" time="0.002"/>
  <testcase classname="com.realme.testing.firefox.RealmeSearchTest" name="dummyTest1" time="0.007"/>
  <testcase classname="com.realme.testing.firefox.RealmeSearchTest" name="dummyTest1" time="0.001"/>
  <testcase classname="com.realme.testing.firefox.RealmeSearchTest" name="dummyTest1" time="0.002"/>
  <testcase classname="com.realme.testing.firefox.RealmeSearchTest" name="dummyTest1" time="0.003"/>
  <testcase classname="com.realme.testing.firefox.RealmeSearchTest" name="dummyTest1" time="0.003"/>
  <testcase classname="com.realme.testing.firefox.RealmeSearchTest" name="dummyTest2" time="0.0">
    <ignored/>
  </testcase> <!-- dummyTest2 -->
</testsuite> <!-- SearchTestChrome -->
